INFO 2026-02-02 23:00:54,490 apps 28168 23276 AXES: BEGIN version 8.1.0, blocking by ip_address
INFO 2026-02-02 23:00:58,464 apps 12520 20744 AXES: BEGIN version 8.1.0, blocking by ip_address
INFO 2026-02-02 23:01:05,411 apps 10960 24756 AXES: BEGIN version 8.1.0, blocking by ip_address
INFO 2026-02-02 23:01:09,376 apps 21328 26740 AXES: BEGIN version 8.1.0, blocking by ip_address
INFO 2026-02-02 23:01:22,397 helpers 21328 21632 Updated Stamp Calculation in ERPNext: auosrnajrb
INFO 2026-02-02 23:01:22,397 tasks 21328 21632 Successfully synced StampCalculation 57 to ERPNext
INFO 2026-02-02 23:01:22,398 signals 21328 21632 StampCalculation 57 was updated - queuing recalculation for company 1
INFO 2026-02-02 23:01:22,502 helpers 21328 21632 Updated Stamp Calculation in ERPNext: lrak7hul33
INFO 2026-02-02 23:01:22,505 tasks 21328 21632 Successfully synced StampCalculation 56 to ERPNext
INFO 2026-02-02 23:01:22,551 helpers 21328 21632 Updated Stamp Calculation in ERPNext: auosrnajrb
INFO 2026-02-02 23:01:22,551 tasks 21328 21632 Successfully synced StampCalculation 57 to ERPNext
INFO 2026-02-02 23:01:22,590 helpers 21328 21632 Updated Stamp Calculation in ERPNext: guc39srs4k
INFO 2026-02-02 23:01:22,590 tasks 21328 21632 Successfully synced StampCalculation 58 to ERPNext
INFO 2026-02-02 23:05:10,184 apps 26104 22092 AXES: BEGIN version 8.1.0, blocking by ip_address
INFO 2026-02-02 23:06:43,110 apps 21768 27908 AXES: BEGIN version 8.1.0, blocking by ip_address
INFO 2026-02-02 23:09:03,947 apps 7776 15964 AXES: BEGIN version 8.1.0, blocking by ip_address
INFO 2026-02-02 23:09:11,992 helpers 7776 21012 Updated Stamp Calculation in ERPNext: auosrnajrb
INFO 2026-02-02 23:09:11,992 tasks 7776 21012 Successfully synced StampCalculation 57 to ERPNext
INFO 2026-02-02 23:09:11,993 signals 7776 21012 StampCalculation 57 was updated - queuing recalculation for company 1
INFO 2026-02-02 23:09:12,054 helpers 7776 21012 Updated Stamp Calculation in ERPNext: lrak7hul33
INFO 2026-02-02 23:09:12,054 tasks 7776 21012 Successfully synced StampCalculation 56 to ERPNext
INFO 2026-02-02 23:09:12,110 helpers 7776 21012 Updated Stamp Calculation in ERPNext: auosrnajrb
INFO 2026-02-02 23:09:12,110 tasks 7776 21012 Successfully synced StampCalculation 57 to ERPNext
INFO 2026-02-02 23:09:12,166 helpers 7776 21012 Updated Stamp Calculation in ERPNext: guc39srs4k
INFO 2026-02-02 23:09:12,166 tasks 7776 21012 Successfully synced StampCalculation 58 to ERPNext
INFO 2026-02-02 23:09:12,170 tasks 7776 21012 Bulk updated 2 StampCalculation records for company يوتن
INFO 2026-02-02 23:10:31,176 apps 6368 17028 AXES: BEGIN version 8.1.0, blocking by ip_address
INFO 2026-02-02 23:13:30,213 apps 18188 13128 AXES: BEGIN version 8.1.0, blocking by ip_address
INFO 2026-02-02 23:13:34,065 apps 30384 22196 AXES: BEGIN version 8.1.0, blocking by ip_address
INFO 2026-02-02 23:13:41,029 apps 25356 25008 AXES: BEGIN version 8.1.0, blocking by ip_address
INFO 2026-02-02 23:13:44,806 apps 20800 360 AXES: BEGIN version 8.1.0, blocking by ip_address
INFO 2026-02-02 23:13:48,552 apps 5416 19708 AXES: BEGIN version 8.1.0, blocking by ip_address
INFO 2026-02-02 23:13:52,454 apps 15776 1320 AXES: BEGIN version 8.1.0, blocking by ip_address
INFO 2026-02-02 23:15:00,664 apps 16772 27440 AXES: BEGIN version 8.1.0, blocking by ip_address
INFO 2026-02-02 23:15:07,522 apps 8588 18508 AXES: BEGIN version 8.1.0, blocking by ip_address
INFO 2026-02-02 23:15:11,482 apps 19940 2492 AXES: BEGIN version 8.1.0, blocking by ip_address
INFO 2026-02-02 23:15:18,495 apps 25604 30224 AXES: BEGIN version 8.1.0, blocking by ip_address
INFO 2026-02-02 23:15:22,389 apps 15268 10480 AXES: BEGIN version 8.1.0, blocking by ip_address
INFO 2026-02-02 23:15:26,199 apps 4908 20624 AXES: BEGIN version 8.1.0, blocking by ip_address
INFO 2026-02-02 23:15:32,017 apps 21480 1996 AXES: BEGIN version 8.1.0, blocking by ip_address
INFO 2026-02-02 23:15:51,138 apps 20908 6212 AXES: BEGIN version 8.1.0, blocking by ip_address
INFO 2026-02-02 23:15:56,125 apps 23628 5268 AXES: BEGIN version 8.1.0, blocking by ip_address
INFO 2026-02-02 23:16:50,213 apps 22296 12304 AXES: BEGIN version 8.1.0, blocking by ip_address
INFO 2026-02-02 23:17:01,282 apps 15732 25440 AXES: BEGIN version 8.1.0, blocking by ip_address
INFO 2026-02-02 23:17:43,866 apps 26868 20832 AXES: BEGIN version 8.1.0, blocking by ip_address
INFO 2026-02-02 23:17:57,985 apps 30396 17848 AXES: BEGIN version 8.1.0, blocking by ip_address
INFO 2026-02-02 23:19:23,222 apps 16668 17568 AXES: BEGIN version 8.1.0, blocking by ip_address
INFO 2026-02-02 23:20:05,093 apps 10164 15092 AXES: BEGIN version 8.1.0, blocking by ip_address
INFO 2026-02-02 23:20:12,043 apps 15424 14892 AXES: BEGIN version 8.1.0, blocking by ip_address
INFO 2026-02-02 23:20:41,513 apps 25400 24288 AXES: BEGIN version 8.1.0, blocking by ip_address
INFO 2026-02-02 23:21:41,676 apps 27144 13708 AXES: BEGIN version 8.1.0, blocking by ip_address
INFO 2026-02-02 23:21:52,807 apps 6320 12088 AXES: BEGIN version 8.1.0, blocking by ip_address
INFO 2026-02-02 23:22:05,914 apps 1320 2436 AXES: BEGIN version 8.1.0, blocking by ip_address
INFO 2026-02-04 08:11:25,796 apps 12840 18112 AXES: BEGIN version 8.1.0, blocking by ip_address
INFO 2026-02-04 08:11:26,753 apps 20208 17720 AXES: BEGIN version 8.1.0, blocking by ip_address
INFO 2026-02-04 08:44:13,358 apps 14644 18760 AXES: BEGIN version 8.1.0, blocking by ip_address
INFO 2026-02-04 08:44:14,111 apps 10544 26060 AXES: BEGIN version 8.1.0, blocking by ip_address
INFO 2026-02-04 08:44:51,458 apps 17884 13228 AXES: BEGIN version 8.1.0, blocking by ip_address
INFO 2026-02-04 08:44:54,582 apps 20508 25012 AXES: BEGIN version 8.1.0, blocking by ip_address
INFO 2026-02-04 08:44:55,343 apps 8956 28092 AXES: BEGIN version 8.1.0, blocking by ip_address
INFO 2026-02-04 08:46:36,076 apps 25956 21968 AXES: BEGIN version 8.1.0, blocking by ip_address
INFO 2026-02-04 08:46:44,114 apps 13868 27516 AXES: BEGIN version 8.1.0, blocking by ip_address
INFO 2026-02-04 08:46:54,205 apps 18648 30480 AXES: BEGIN version 8.1.0, blocking by ip_address
INFO 2026-02-04 08:47:03,334 apps 14352 12008 AXES: BEGIN version 8.1.0, blocking by ip_address
INFO 2026-02-04 08:53:29,318 apps 14684 18708 AXES: BEGIN version 8.1.0, blocking by ip_address
INFO 2026-02-04 08:53:40,573 apps 25736 10492 AXES: BEGIN version 8.1.0, blocking by ip_address
INFO 2026-02-04 08:53:47,608 apps 16760 2172 AXES: BEGIN version 8.1.0, blocking by ip_address
ERROR 2026-02-04 08:54:20,835 erp_service 16760 1332 ERPNext update request failed: HTTPConnectionPool(host='127.0.0.1', port=8000): Max retries exceeded with url: /api/method/cms_django.api.stamps.update_stamp_by_django_id (Caused by NewConnectionError("HTTPConnection(host='127.0.0.1', port=8000): Failed to establish a new connection: [WinError 10061] No connection could be made because the target machine actively refused it"))
ERROR 2026-02-04 08:54:20,835 helpers 16760 1332 Failed to sync Stamp Calculation (django_id=58) to ERPNext: HTTPConnectionPool(host='127.0.0.1', port=8000): Max retries exceeded with url: /api/method/cms_django.api.stamps.update_stamp_by_django_id (Caused by NewConnectionError("HTTPConnection(host='127.0.0.1', port=8000): Failed to establish a new connection: [WinError 10061] No connection could be made because the target machine actively refused it"))
ERROR 2026-02-04 08:54:20,873 tasks 16760 1332 ERPNext sync failed for StampCalculation 58: HTTPConnectionPool(host='127.0.0.1', port=8000): Max retries exceeded with url: /api/method/cms_django.api.stamps.update_stamp_by_django_id (Caused by NewConnectionError("HTTPConnection(host='127.0.0.1', port=8000): Failed to establish a new connection: [WinError 10061] No connection could be made because the target machine actively refused it"))
Traceback (most recent call last):
  File "D:\projects\django\cms\venv\Lib\site-packages\urllib3\connection.py", line 204, in _new_conn
    sock = connection.create_connection(
        (self._dns_host, self.port),
    ...<2 lines>...
        socket_options=self.socket_options,
    )
  File "D:\projects\django\cms\venv\Lib\site-packages\urllib3\util\connection.py", line 85, in create_connection
    raise err
  File "D:\projects\django\cms\venv\Lib\site-packages\urllib3\util\connection.py", line 73, in create_connection
    sock.connect(sa)
    ~~~~~~~~~~~~^^^^
ConnectionRefusedError: [WinError 10061] No connection could be made because the target machine actively refused it

The above exception was the direct cause of the following exception:

Traceback (most recent call last):
  File "D:\projects\django\cms\venv\Lib\site-packages\urllib3\connectionpool.py", line 787, in urlopen
    response = self._make_request(
        conn,
    ...<10 lines>...
        **response_kw,
    )
  File "D:\projects\django\cms\venv\Lib\site-packages\urllib3\connectionpool.py", line 493, in _make_request
    conn.request(
    ~~~~~~~~~~~~^
        method,
        ^^^^^^^
    ...<6 lines>...
        enforce_content_length=enforce_content_length,
        ^^^^^^^^^^^^^^^^^^^^^^^^^^^^^^^^^^^^^^^^^^^^^^
    )
    ^
  File "D:\projects\django\cms\venv\Lib\site-packages\urllib3\connection.py", line 500, in request
    self.endheaders()
    ~~~~~~~~~~~~~~~^^
  File "C:\Python313\Lib\http\client.py", line 1333, in endheaders
    self._send_output(message_body, encode_chunked=encode_chunked)
    ~~~~~~~~~~~~~~~~~^^^^^^^^^^^^^^^^^^^^^^^^^^^^^^^^^^^^^^^^^^^^^
  File "C:\Python313\Lib\http\client.py", line 1093, in _send_output
    self.send(msg)
    ~~~~~~~~~^^^^^
  File "C:\Python313\Lib\http\client.py", line 1037, in send
    self.connect()
    ~~~~~~~~~~~~^^
  File "D:\projects\django\cms\venv\Lib\site-packages\urllib3\connection.py", line 331, in connect
    self.sock = self._new_conn()
                ~~~~~~~~~~~~~~^^
  File "D:\projects\django\cms\venv\Lib\site-packages\urllib3\connection.py", line 219, in _new_conn
    raise NewConnectionError(
        self, f"Failed to establish a new connection: {e}"
    ) from e
urllib3.exceptions.NewConnectionError: HTTPConnection(host='127.0.0.1', port=8000): Failed to establish a new connection: [WinError 10061] No connection could be made because the target machine actively refused it

The above exception was the direct cause of the following exception:

Traceback (most recent call last):
  File "D:\projects\django\cms\venv\Lib\site-packages\requests\adapters.py", line 644, in send
    resp = conn.urlopen(
        method=request.method,
    ...<9 lines>...
        chunked=chunked,
    )
  File "D:\projects\django\cms\venv\Lib\site-packages\urllib3\connectionpool.py", line 841, in urlopen
    retries = retries.increment(
        method, url, error=new_e, _pool=self, _stacktrace=sys.exc_info()[2]
    )
  File "D:\projects\django\cms\venv\Lib\site-packages\urllib3\util\retry.py", line 535, in increment
    raise MaxRetryError(_pool, url, reason) from reason  # type: ignore[arg-type]
    ^^^^^^^^^^^^^^^^^^^^^^^^^^^^^^^^^^^^^^^^^^^^^^^^^^^
urllib3.exceptions.MaxRetryError: HTTPConnectionPool(host='127.0.0.1', port=8000): Max retries exceeded with url: /api/method/cms_django.api.stamps.update_stamp_by_django_id (Caused by NewConnectionError("HTTPConnection(host='127.0.0.1', port=8000): Failed to establish a new connection: [WinError 10061] No connection could be made because the target machine actively refused it"))

During handling of the above exception, another exception occurred:

Traceback (most recent call last):
  File "D:\projects\django\cms\stamps\tasks.py", line 23, in sync_stamp_to_erpnext_task
    result = sync_to_erpnext("Stamp Calculation", instance, data)
  File "D:\projects\django\cms\stamps\helpers.py", line 57, in sync_to_erpnext
    res = client.update_by_django_id(doctype, django_id, data)
  File "D:\projects\django\cms\stamps\services\erp_service.py", line 38, in update_by_django_id
    response = requests.post(
        url, json=payload, headers=self.headers, timeout=10
    )
  File "D:\projects\django\cms\venv\Lib\site-packages\requests\api.py", line 115, in post
    return request("post", url, data=data, json=json, **kwargs)
  File "D:\projects\django\cms\venv\Lib\site-packages\requests\api.py", line 59, in request
    return session.request(method=method, url=url, **kwargs)
           ~~~~~~~~~~~~~~~^^^^^^^^^^^^^^^^^^^^^^^^^^^^^^^^^^
  File "D:\projects\django\cms\venv\Lib\site-packages\requests\sessions.py", line 589, in request
    resp = self.send(prep, **send_kwargs)
  File "D:\projects\django\cms\venv\Lib\site-packages\requests\sessions.py", line 703, in send
    r = adapter.send(request, **kwargs)
  File "D:\projects\django\cms\venv\Lib\site-packages\requests\adapters.py", line 677, in send
    raise ConnectionError(e, request=request)
requests.exceptions.ConnectionError: HTTPConnectionPool(host='127.0.0.1', port=8000): Max retries exceeded with url: /api/method/cms_django.api.stamps.update_stamp_by_django_id (Caused by NewConnectionError("HTTPConnection(host='127.0.0.1', port=8000): Failed to establish a new connection: [WinError 10061] No connection could be made because the target machine actively refused it"))
INFO 2026-02-04 08:54:24,388 signals 16760 1332 StampCalculation 58 was updated - queuing recalculation for company 1
ERROR 2026-02-04 08:54:26,398 erp_service 16760 1332 ERPNext update request failed: HTTPConnectionPool(host='127.0.0.1', port=8000): Max retries exceeded with url: /api/method/cms_django.api.stamps.update_stamp_by_django_id (Caused by NewConnectionError("HTTPConnection(host='127.0.0.1', port=8000): Failed to establish a new connection: [WinError 10061] No connection could be made because the target machine actively refused it"))
ERROR 2026-02-04 08:54:26,398 helpers 16760 1332 Failed to sync Stamp Calculation (django_id=56) to ERPNext: HTTPConnectionPool(host='127.0.0.1', port=8000): Max retries exceeded with url: /api/method/cms_django.api.stamps.update_stamp_by_django_id (Caused by NewConnectionError("HTTPConnection(host='127.0.0.1', port=8000): Failed to establish a new connection: [WinError 10061] No connection could be made because the target machine actively refused it"))
ERROR 2026-02-04 08:54:26,398 tasks 16760 1332 ERPNext sync failed for StampCalculation 56: HTTPConnectionPool(host='127.0.0.1', port=8000): Max retries exceeded with url: /api/method/cms_django.api.stamps.update_stamp_by_django_id (Caused by NewConnectionError("HTTPConnection(host='127.0.0.1', port=8000): Failed to establish a new connection: [WinError 10061] No connection could be made because the target machine actively refused it"))
Traceback (most recent call last):
  File "D:\projects\django\cms\venv\Lib\site-packages\urllib3\connection.py", line 204, in _new_conn
    sock = connection.create_connection(
        (self._dns_host, self.port),
    ...<2 lines>...
        socket_options=self.socket_options,
    )
  File "D:\projects\django\cms\venv\Lib\site-packages\urllib3\util\connection.py", line 85, in create_connection
    raise err
  File "D:\projects\django\cms\venv\Lib\site-packages\urllib3\util\connection.py", line 73, in create_connection
    sock.connect(sa)
    ~~~~~~~~~~~~^^^^
ConnectionRefusedError: [WinError 10061] No connection could be made because the target machine actively refused it

The above exception was the direct cause of the following exception:

Traceback (most recent call last):
  File "D:\projects\django\cms\venv\Lib\site-packages\urllib3\connectionpool.py", line 787, in urlopen
    response = self._make_request(
        conn,
    ...<10 lines>...
        **response_kw,
    )
  File "D:\projects\django\cms\venv\Lib\site-packages\urllib3\connectionpool.py", line 493, in _make_request
    conn.request(
    ~~~~~~~~~~~~^
        method,
        ^^^^^^^
    ...<6 lines>...
        enforce_content_length=enforce_content_length,
        ^^^^^^^^^^^^^^^^^^^^^^^^^^^^^^^^^^^^^^^^^^^^^^
    )
    ^
  File "D:\projects\django\cms\venv\Lib\site-packages\urllib3\connection.py", line 500, in request
    self.endheaders()
    ~~~~~~~~~~~~~~~^^
  File "C:\Python313\Lib\http\client.py", line 1333, in endheaders
    self._send_output(message_body, encode_chunked=encode_chunked)
    ~~~~~~~~~~~~~~~~~^^^^^^^^^^^^^^^^^^^^^^^^^^^^^^^^^^^^^^^^^^^^^
  File "C:\Python313\Lib\http\client.py", line 1093, in _send_output
    self.send(msg)
    ~~~~~~~~~^^^^^
  File "C:\Python313\Lib\http\client.py", line 1037, in send
    self.connect()
    ~~~~~~~~~~~~^^
  File "D:\projects\django\cms\venv\Lib\site-packages\urllib3\connection.py", line 331, in connect
    self.sock = self._new_conn()
                ~~~~~~~~~~~~~~^^
  File "D:\projects\django\cms\venv\Lib\site-packages\urllib3\connection.py", line 219, in _new_conn
    raise NewConnectionError(
        self, f"Failed to establish a new connection: {e}"
    ) from e
urllib3.exceptions.NewConnectionError: HTTPConnection(host='127.0.0.1', port=8000): Failed to establish a new connection: [WinError 10061] No connection could be made because the target machine actively refused it

The above exception was the direct cause of the following exception:

Traceback (most recent call last):
  File "D:\projects\django\cms\venv\Lib\site-packages\requests\adapters.py", line 644, in send
    resp = conn.urlopen(
        method=request.method,
    ...<9 lines>...
        chunked=chunked,
    )
  File "D:\projects\django\cms\venv\Lib\site-packages\urllib3\connectionpool.py", line 841, in urlopen
    retries = retries.increment(
        method, url, error=new_e, _pool=self, _stacktrace=sys.exc_info()[2]
    )
  File "D:\projects\django\cms\venv\Lib\site-packages\urllib3\util\retry.py", line 535, in increment
    raise MaxRetryError(_pool, url, reason) from reason  # type: ignore[arg-type]
    ^^^^^^^^^^^^^^^^^^^^^^^^^^^^^^^^^^^^^^^^^^^^^^^^^^^
urllib3.exceptions.MaxRetryError: HTTPConnectionPool(host='127.0.0.1', port=8000): Max retries exceeded with url: /api/method/cms_django.api.stamps.update_stamp_by_django_id (Caused by NewConnectionError("HTTPConnection(host='127.0.0.1', port=8000): Failed to establish a new connection: [WinError 10061] No connection could be made because the target machine actively refused it"))

During handling of the above exception, another exception occurred:

Traceback (most recent call last):
  File "D:\projects\django\cms\stamps\tasks.py", line 23, in sync_stamp_to_erpnext_task
    result = sync_to_erpnext("Stamp Calculation", instance, data)
  File "D:\projects\django\cms\stamps\helpers.py", line 57, in sync_to_erpnext
    res = client.update_by_django_id(doctype, django_id, data)
  File "D:\projects\django\cms\stamps\services\erp_service.py", line 38, in update_by_django_id
    response = requests.post(
        url, json=payload, headers=self.headers, timeout=10
    )
  File "D:\projects\django\cms\venv\Lib\site-packages\requests\api.py", line 115, in post
    return request("post", url, data=data, json=json, **kwargs)
  File "D:\projects\django\cms\venv\Lib\site-packages\requests\api.py", line 59, in request
    return session.request(method=method, url=url, **kwargs)
           ~~~~~~~~~~~~~~~^^^^^^^^^^^^^^^^^^^^^^^^^^^^^^^^^^
  File "D:\projects\django\cms\venv\Lib\site-packages\requests\sessions.py", line 589, in request
    resp = self.send(prep, **send_kwargs)
  File "D:\projects\django\cms\venv\Lib\site-packages\requests\sessions.py", line 703, in send
    r = adapter.send(request, **kwargs)
  File "D:\projects\django\cms\venv\Lib\site-packages\requests\adapters.py", line 677, in send
    raise ConnectionError(e, request=request)
requests.exceptions.ConnectionError: HTTPConnectionPool(host='127.0.0.1', port=8000): Max retries exceeded with url: /api/method/cms_django.api.stamps.update_stamp_by_django_id (Caused by NewConnectionError("HTTPConnection(host='127.0.0.1', port=8000): Failed to establish a new connection: [WinError 10061] No connection could be made because the target machine actively refused it"))
ERROR 2026-02-04 08:54:30,418 erp_service 16760 1332 ERPNext update request failed: HTTPConnectionPool(host='127.0.0.1', port=8000): Max retries exceeded with url: /api/method/cms_django.api.stamps.update_stamp_by_django_id (Caused by NewConnectionError("HTTPConnection(host='127.0.0.1', port=8000): Failed to establish a new connection: [WinError 10061] No connection could be made because the target machine actively refused it"))
ERROR 2026-02-04 08:54:30,418 helpers 16760 1332 Failed to sync Stamp Calculation (django_id=57) to ERPNext: HTTPConnectionPool(host='127.0.0.1', port=8000): Max retries exceeded with url: /api/method/cms_django.api.stamps.update_stamp_by_django_id (Caused by NewConnectionError("HTTPConnection(host='127.0.0.1', port=8000): Failed to establish a new connection: [WinError 10061] No connection could be made because the target machine actively refused it"))
ERROR 2026-02-04 08:54:30,419 tasks 16760 1332 ERPNext sync failed for StampCalculation 57: HTTPConnectionPool(host='127.0.0.1', port=8000): Max retries exceeded with url: /api/method/cms_django.api.stamps.update_stamp_by_django_id (Caused by NewConnectionError("HTTPConnection(host='127.0.0.1', port=8000): Failed to establish a new connection: [WinError 10061] No connection could be made because the target machine actively refused it"))
Traceback (most recent call last):
  File "D:\projects\django\cms\venv\Lib\site-packages\urllib3\connection.py", line 204, in _new_conn
    sock = connection.create_connection(
        (self._dns_host, self.port),
    ...<2 lines>...
        socket_options=self.socket_options,
    )
  File "D:\projects\django\cms\venv\Lib\site-packages\urllib3\util\connection.py", line 85, in create_connection
    raise err
  File "D:\projects\django\cms\venv\Lib\site-packages\urllib3\util\connection.py", line 73, in create_connection
    sock.connect(sa)
    ~~~~~~~~~~~~^^^^
ConnectionRefusedError: [WinError 10061] No connection could be made because the target machine actively refused it

The above exception was the direct cause of the following exception:

Traceback (most recent call last):
  File "D:\projects\django\cms\venv\Lib\site-packages\urllib3\connectionpool.py", line 787, in urlopen
    response = self._make_request(
        conn,
    ...<10 lines>...
        **response_kw,
    )
  File "D:\projects\django\cms\venv\Lib\site-packages\urllib3\connectionpool.py", line 493, in _make_request
    conn.request(
    ~~~~~~~~~~~~^
        method,
        ^^^^^^^
    ...<6 lines>...
        enforce_content_length=enforce_content_length,
        ^^^^^^^^^^^^^^^^^^^^^^^^^^^^^^^^^^^^^^^^^^^^^^
    )
    ^
  File "D:\projects\django\cms\venv\Lib\site-packages\urllib3\connection.py", line 500, in request
    self.endheaders()
    ~~~~~~~~~~~~~~~^^
  File "C:\Python313\Lib\http\client.py", line 1333, in endheaders
    self._send_output(message_body, encode_chunked=encode_chunked)
    ~~~~~~~~~~~~~~~~~^^^^^^^^^^^^^^^^^^^^^^^^^^^^^^^^^^^^^^^^^^^^^
  File "C:\Python313\Lib\http\client.py", line 1093, in _send_output
    self.send(msg)
    ~~~~~~~~~^^^^^
  File "C:\Python313\Lib\http\client.py", line 1037, in send
    self.connect()
    ~~~~~~~~~~~~^^
  File "D:\projects\django\cms\venv\Lib\site-packages\urllib3\connection.py", line 331, in connect
    self.sock = self._new_conn()
                ~~~~~~~~~~~~~~^^
  File "D:\projects\django\cms\venv\Lib\site-packages\urllib3\connection.py", line 219, in _new_conn
    raise NewConnectionError(
        self, f"Failed to establish a new connection: {e}"
    ) from e
urllib3.exceptions.NewConnectionError: HTTPConnection(host='127.0.0.1', port=8000): Failed to establish a new connection: [WinError 10061] No connection could be made because the target machine actively refused it

The above exception was the direct cause of the following exception:

Traceback (most recent call last):
  File "D:\projects\django\cms\venv\Lib\site-packages\requests\adapters.py", line 644, in send
    resp = conn.urlopen(
        method=request.method,
    ...<9 lines>...
        chunked=chunked,
    )
  File "D:\projects\django\cms\venv\Lib\site-packages\urllib3\connectionpool.py", line 841, in urlopen
    retries = retries.increment(
        method, url, error=new_e, _pool=self, _stacktrace=sys.exc_info()[2]
    )
  File "D:\projects\django\cms\venv\Lib\site-packages\urllib3\util\retry.py", line 535, in increment
    raise MaxRetryError(_pool, url, reason) from reason  # type: ignore[arg-type]
    ^^^^^^^^^^^^^^^^^^^^^^^^^^^^^^^^^^^^^^^^^^^^^^^^^^^
urllib3.exceptions.MaxRetryError: HTTPConnectionPool(host='127.0.0.1', port=8000): Max retries exceeded with url: /api/method/cms_django.api.stamps.update_stamp_by_django_id (Caused by NewConnectionError("HTTPConnection(host='127.0.0.1', port=8000): Failed to establish a new connection: [WinError 10061] No connection could be made because the target machine actively refused it"))

During handling of the above exception, another exception occurred:

Traceback (most recent call last):
  File "D:\projects\django\cms\stamps\tasks.py", line 23, in sync_stamp_to_erpnext_task
    result = sync_to_erpnext("Stamp Calculation", instance, data)
  File "D:\projects\django\cms\stamps\helpers.py", line 57, in sync_to_erpnext
    res = client.update_by_django_id(doctype, django_id, data)
  File "D:\projects\django\cms\stamps\services\erp_service.py", line 38, in update_by_django_id
    response = requests.post(
        url, json=payload, headers=self.headers, timeout=10
    )
  File "D:\projects\django\cms\venv\Lib\site-packages\requests\api.py", line 115, in post
    return request("post", url, data=data, json=json, **kwargs)
  File "D:\projects\django\cms\venv\Lib\site-packages\requests\api.py", line 59, in request
    return session.request(method=method, url=url, **kwargs)
           ~~~~~~~~~~~~~~~^^^^^^^^^^^^^^^^^^^^^^^^^^^^^^^^^^
  File "D:\projects\django\cms\venv\Lib\site-packages\requests\sessions.py", line 589, in request
    resp = self.send(prep, **send_kwargs)
  File "D:\projects\django\cms\venv\Lib\site-packages\requests\sessions.py", line 703, in send
    r = adapter.send(request, **kwargs)
  File "D:\projects\django\cms\venv\Lib\site-packages\requests\adapters.py", line 677, in send
    raise ConnectionError(e, request=request)
requests.exceptions.ConnectionError: HTTPConnectionPool(host='127.0.0.1', port=8000): Max retries exceeded with url: /api/method/cms_django.api.stamps.update_stamp_by_django_id (Caused by NewConnectionError("HTTPConnection(host='127.0.0.1', port=8000): Failed to establish a new connection: [WinError 10061] No connection could be made because the target machine actively refused it"))
ERROR 2026-02-04 08:54:34,354 erp_service 16760 1332 ERPNext update request failed: HTTPConnectionPool(host='127.0.0.1', port=8000): Max retries exceeded with url: /api/method/cms_django.api.stamps.update_stamp_by_django_id (Caused by NewConnectionError("HTTPConnection(host='127.0.0.1', port=8000): Failed to establish a new connection: [WinError 10061] No connection could be made because the target machine actively refused it"))
ERROR 2026-02-04 08:54:34,354 helpers 16760 1332 Failed to sync Stamp Calculation (django_id=58) to ERPNext: HTTPConnectionPool(host='127.0.0.1', port=8000): Max retries exceeded with url: /api/method/cms_django.api.stamps.update_stamp_by_django_id (Caused by NewConnectionError("HTTPConnection(host='127.0.0.1', port=8000): Failed to establish a new connection: [WinError 10061] No connection could be made because the target machine actively refused it"))
ERROR 2026-02-04 08:54:34,354 tasks 16760 1332 ERPNext sync failed for StampCalculation 58: HTTPConnectionPool(host='127.0.0.1', port=8000): Max retries exceeded with url: /api/method/cms_django.api.stamps.update_stamp_by_django_id (Caused by NewConnectionError("HTTPConnection(host='127.0.0.1', port=8000): Failed to establish a new connection: [WinError 10061] No connection could be made because the target machine actively refused it"))
Traceback (most recent call last):
  File "D:\projects\django\cms\venv\Lib\site-packages\urllib3\connection.py", line 204, in _new_conn
    sock = connection.create_connection(
        (self._dns_host, self.port),
    ...<2 lines>...
        socket_options=self.socket_options,
    )
  File "D:\projects\django\cms\venv\Lib\site-packages\urllib3\util\connection.py", line 85, in create_connection
    raise err
  File "D:\projects\django\cms\venv\Lib\site-packages\urllib3\util\connection.py", line 73, in create_connection
    sock.connect(sa)
    ~~~~~~~~~~~~^^^^
ConnectionRefusedError: [WinError 10061] No connection could be made because the target machine actively refused it

The above exception was the direct cause of the following exception:

Traceback (most recent call last):
  File "D:\projects\django\cms\venv\Lib\site-packages\urllib3\connectionpool.py", line 787, in urlopen
    response = self._make_request(
        conn,
    ...<10 lines>...
        **response_kw,
    )
  File "D:\projects\django\cms\venv\Lib\site-packages\urllib3\connectionpool.py", line 493, in _make_request
    conn.request(
    ~~~~~~~~~~~~^
        method,
        ^^^^^^^
    ...<6 lines>...
        enforce_content_length=enforce_content_length,
        ^^^^^^^^^^^^^^^^^^^^^^^^^^^^^^^^^^^^^^^^^^^^^^
    )
    ^
  File "D:\projects\django\cms\venv\Lib\site-packages\urllib3\connection.py", line 500, in request
    self.endheaders()
    ~~~~~~~~~~~~~~~^^
  File "C:\Python313\Lib\http\client.py", line 1333, in endheaders
    self._send_output(message_body, encode_chunked=encode_chunked)
    ~~~~~~~~~~~~~~~~~^^^^^^^^^^^^^^^^^^^^^^^^^^^^^^^^^^^^^^^^^^^^^
  File "C:\Python313\Lib\http\client.py", line 1093, in _send_output
    self.send(msg)
    ~~~~~~~~~^^^^^
  File "C:\Python313\Lib\http\client.py", line 1037, in send
    self.connect()
    ~~~~~~~~~~~~^^
  File "D:\projects\django\cms\venv\Lib\site-packages\urllib3\connection.py", line 331, in connect
    self.sock = self._new_conn()
                ~~~~~~~~~~~~~~^^
  File "D:\projects\django\cms\venv\Lib\site-packages\urllib3\connection.py", line 219, in _new_conn
    raise NewConnectionError(
        self, f"Failed to establish a new connection: {e}"
    ) from e
urllib3.exceptions.NewConnectionError: HTTPConnection(host='127.0.0.1', port=8000): Failed to establish a new connection: [WinError 10061] No connection could be made because the target machine actively refused it

The above exception was the direct cause of the following exception:

Traceback (most recent call last):
  File "D:\projects\django\cms\venv\Lib\site-packages\requests\adapters.py", line 644, in send
    resp = conn.urlopen(
        method=request.method,
    ...<9 lines>...
        chunked=chunked,
    )
  File "D:\projects\django\cms\venv\Lib\site-packages\urllib3\connectionpool.py", line 841, in urlopen
    retries = retries.increment(
        method, url, error=new_e, _pool=self, _stacktrace=sys.exc_info()[2]
    )
  File "D:\projects\django\cms\venv\Lib\site-packages\urllib3\util\retry.py", line 535, in increment
    raise MaxRetryError(_pool, url, reason) from reason  # type: ignore[arg-type]
    ^^^^^^^^^^^^^^^^^^^^^^^^^^^^^^^^^^^^^^^^^^^^^^^^^^^
urllib3.exceptions.MaxRetryError: HTTPConnectionPool(host='127.0.0.1', port=8000): Max retries exceeded with url: /api/method/cms_django.api.stamps.update_stamp_by_django_id (Caused by NewConnectionError("HTTPConnection(host='127.0.0.1', port=8000): Failed to establish a new connection: [WinError 10061] No connection could be made because the target machine actively refused it"))

During handling of the above exception, another exception occurred:

Traceback (most recent call last):
  File "D:\projects\django\cms\stamps\tasks.py", line 23, in sync_stamp_to_erpnext_task
    result = sync_to_erpnext("Stamp Calculation", instance, data)
  File "D:\projects\django\cms\stamps\helpers.py", line 57, in sync_to_erpnext
    res = client.update_by_django_id(doctype, django_id, data)
  File "D:\projects\django\cms\stamps\services\erp_service.py", line 38, in update_by_django_id
    response = requests.post(
        url, json=payload, headers=self.headers, timeout=10
    )
  File "D:\projects\django\cms\venv\Lib\site-packages\requests\api.py", line 115, in post
    return request("post", url, data=data, json=json, **kwargs)
  File "D:\projects\django\cms\venv\Lib\site-packages\requests\api.py", line 59, in request
    return session.request(method=method, url=url, **kwargs)
           ~~~~~~~~~~~~~~~^^^^^^^^^^^^^^^^^^^^^^^^^^^^^^^^^^
  File "D:\projects\django\cms\venv\Lib\site-packages\requests\sessions.py", line 589, in request
    resp = self.send(prep, **send_kwargs)
  File "D:\projects\django\cms\venv\Lib\site-packages\requests\sessions.py", line 703, in send
    r = adapter.send(request, **kwargs)
  File "D:\projects\django\cms\venv\Lib\site-packages\requests\adapters.py", line 677, in send
    raise ConnectionError(e, request=request)
requests.exceptions.ConnectionError: HTTPConnectionPool(host='127.0.0.1', port=8000): Max retries exceeded with url: /api/method/cms_django.api.stamps.update_stamp_by_django_id (Caused by NewConnectionError("HTTPConnection(host='127.0.0.1', port=8000): Failed to establish a new connection: [WinError 10061] No connection could be made because the target machine actively refused it"))
INFO 2026-02-04 08:54:36,328 tasks 16760 1332 Bulk updated 0 StampCalculation records for company يوتن
